
> vibe-generated-app@1.0.0 dev
> vite


  VITE v5.4.20  ready in 390 ms

  ➜  Local:   http://localhost:3000/
  ➜  Network: http://172.20.1.79:3000/
5:54:59 PM [vite] Pre-transform error: Transform failed with 1 error:
/home/workspace/src/App.jsx:16:128: ERROR: Expected identifier but found "3"
5:55:00 PM [vite] Internal server error: Transform failed with 1 error:
/home/workspace/src/App.jsx:16:128: ERROR: Expected identifier but found "3"
  Plugin: vite:esbuild
  File: /home/workspace/src/App.jsx:16:128
  
  Expected identifier but found "3"
  14 |          <Skills />
  15 |          <Contact />
  16 |          <footer className="py-10 text-center text-sm text-slate-500">© {new Date().getFullYear()} Harshal Upadhye. Built with <3.</footer>
     |                                                                                                                                  ^
  17 |        </main>
  18 |      </div>
  
      at failureErrorWithLog (/home/workspace/node_modules/esbuild/lib/main.js:1472:15)
      at /home/workspace/node_modules/esbuild/lib/main.js:755:50
      at responseCallbacks.<computed> (/home/workspace/node_modules/esbuild/lib/main.js:622:9)
      at handleIncomingPacket (/home/workspace/node_modules/esbuild/lib/main.js:677:12)
      at Socket.readFromStdout (/home/workspace/node_modules/esbuild/lib/main.js:600:7)
      at Socket.emit (node:events:508:28)
      at addChunk (node:internal/streams/readable:559:12)
      at readableAddChunkPushByteMode (node:internal/streams/readable:510:3)
      at Readable.push (node:internal/streams/readable:390:5)
      at Pipe.onStreamRead (node:internal/stream_base_commons:189:23)
